2025-04-07 01:38:51,688 - INFO - Starting Milvus reset...
2025-04-07 01:38:52,018 - INFO - Starting Milvus reset process...
2025-04-07 01:38:52,019 - INFO - Using docker-compose.yml found at: /Users/rickytan/Library/Mobile Documents/com~apple~CloudDocs/Lernen/Own project/Personal_RAG/docker-compose.yml
2025-04-07 01:38:52,019 - INFO - Stopping any existing Milvus containers...
2025-04-07 01:39:11,666 - INFO - Starting Milvus and supporting services...
2025-04-07 01:39:13,299 - INFO - Milvus containers started
2025-04-07 01:39:13,300 - INFO - Waiting for Milvus to start...
2025-04-07 01:39:20,983 - INFO - Milvus is ready after 0 seconds
2025-04-07 01:39:20,988 - INFO - Collection 'personal_rag' exists, dropping it
2025-04-07 01:44:18,527 - INFO - Starting Milvus reset...
2025-04-07 01:44:18,810 - INFO - Starting Milvus reset process...
2025-04-07 01:44:18,811 - INFO - Using docker-compose.yml found at: /Users/rickytan/Library/Mobile Documents/com~apple~CloudDocs/Lernen/Own project/Personal_RAG/docker-compose.yml
2025-04-07 01:44:18,811 - INFO - Stopping any existing Milvus containers...
2025-04-07 01:44:28,242 - INFO - Starting Milvus and supporting services...
2025-04-07 01:44:30,272 - INFO - Milvus containers started
2025-04-07 01:44:30,273 - INFO - Waiting for Milvus to start...
2025-04-07 01:44:37,068 - INFO - Milvus is ready after 0 seconds
2025-04-07 01:44:37,073 - INFO - Collection 'personal_rag' exists, dropping it
2025-04-07 01:46:16,269 - INFO - Starting Milvus reset...
2025-04-07 01:46:16,532 - INFO - Starting Milvus reset process...
2025-04-07 01:46:16,533 - INFO - Using docker-compose.yml found at: /Users/rickytan/Library/Mobile Documents/com~apple~CloudDocs/Lernen/Own project/Personal_RAG/docker-compose.yml
2025-04-07 01:46:16,533 - INFO - Stopping any existing Milvus containers...
2025-04-07 01:46:26,171 - INFO - Starting Milvus and supporting services...
2025-04-07 01:46:27,782 - INFO - Milvus containers started
2025-04-07 01:46:27,782 - INFO - Waiting for Milvus to start...
2025-04-07 01:46:35,068 - INFO - Milvus is ready after 0 seconds
2025-04-07 01:46:35,072 - INFO - Collection 'personal_rag' exists, dropping it
2025-04-07 01:48:21,132 - ERROR - Error creating collection: <MilvusException: (code=65535, message=InvalidateCollectionMetaCache failed, proxyID = 118, err = stack trace: /go/src/github.com/milvus-io/milvus/pkg/tracer/stack_trace.go:51 github.com/milvus-io/milvus/pkg/tracer.StackTrace
/go/src/github.com/milvus-io/milvus/internal/util/grpcclient/client.go:515 github.com/milvus-io/milvus/internal/util/grpcclient.(*ClientBase[...]).Call
/go/src/github.com/milvus-io/milvus/internal/util/grpcclient/client.go:529 github.com/milvus-io/milvus/internal/util/grpcclient.(*ClientBase[...]).ReCall
/go/src/github.com/milvus-io/milvus/internal/distributed/proxy/client/client.go:76 github.com/milvus-io/milvus/internal/distributed/proxy/client.wrapGrpcCall[...]
/go/src/github.com/milvus-io/milvus/internal/distributed/proxy/client/client.go:109 github.com/milvus-io/milvus/internal/distributed/proxy/client.(*Client).InvalidateCollectionMetaCache
/go/src/github.com/milvus-io/milvus/internal/rootcoord/proxy_client_manager.go:157 github.com/milvus-io/milvus/internal/rootcoord.(*proxyClientManager).InvalidateCollectionMetaCache.func1
/go/pkg/mod/golang.org/x/sync@v0.1.0/errgroup/errgroup.go:75 golang.org/x/sync/errgroup.(*Group).Go.func1
/usr/local/go/src/runtime/asm_amd64.s:1598 runtime.goexit: attempt #0: rpc error: code = Unknown desc = expectedNodeID=118, actualNodeID=119: node not match: attempt #1: rpc error: code = Unknown desc = expectedNodeID=118, actualNodeID=119: node not match: attempt #2: rpc error: code = Unknown desc = expectedNodeID=118, actualNodeID=119: node not match: attempt #3: rpc error: code = Unknown desc = expectedNodeID=118, actualNodeID=119: node not match: attempt #4: rpc error: code = Unknown desc = expectedNodeID=118, actualNodeID=119: node not match: attempt #5: rpc error: code = Unknown desc = expectedNodeID=118, actualNodeID=119: node not match: attempt #6: rpc error: code = Unknown desc = expectedNodeID=118, actualNodeID=119: node not match: attempt #7: rpc error: code = Unknown desc = expectedNodeID=118, actualNodeID=119: node not match: attempt #8: rpc error: code = Unknown desc = expectedNodeID=118, actualNodeID=119: node not match: attempt #9: rpc error: code = Unknown desc = expectedNodeID=118, actualNodeID=119: node not match)>
2025-04-07 01:48:21,133 - ERROR - Failed to create collection.
2025-04-07 01:48:21,133 - ERROR - Milvus reset failed.
2025-04-07 01:52:13,424 - INFO - Starting Milvus reset...
2025-04-07 01:52:13,717 - INFO - Starting Milvus reset process...
2025-04-07 01:52:13,718 - INFO - Using docker-compose.yml found at: /Users/rickytan/Library/Mobile Documents/com~apple~CloudDocs/Lernen/Own project/Personal_RAG/docker-compose.yml
2025-04-07 01:52:13,718 - INFO - Stopping any existing Milvus containers...
2025-04-07 01:52:23,474 - INFO - Starting Milvus and supporting services...
2025-04-07 01:52:25,405 - INFO - Milvus containers started
2025-04-07 01:52:25,405 - INFO - Waiting for Milvus to start...
2025-04-07 01:52:33,063 - INFO - Milvus is ready after 0 seconds
2025-04-07 01:53:20,796 - INFO - Created Milvus collection 'personal_rag' with proper schema and index
2025-04-07 01:53:20,796 - INFO - Waiting for server to initialize completely...
2025-04-07 01:53:30,804 - INFO - Collection 'personal_rag' exists, attempting to load it
2025-04-07 01:53:33,330 - INFO - Successfully loaded collection
2025-04-07 01:53:36,347 - INFO - Collection is loaded and queryable. Found 0 results in test query.
2025-04-07 01:53:36,347 - INFO - Milvus reset completed successfully
2025-04-07 01:53:36,347 - INFO - Milvus reset complete
2025-04-07 01:56:44,478 - INFO - Starting Milvus reset...
2025-04-07 01:56:44,819 - INFO - Starting Milvus reset process...
2025-04-07 01:56:44,819 - INFO - Using docker-compose.yml found at: /Users/rickytan/Library/Mobile Documents/com~apple~CloudDocs/Lernen/Own project/Personal_RAG/docker-compose.yml
2025-04-07 01:56:44,820 - INFO - Stopping any existing Milvus containers...
2025-04-07 01:57:04,679 - INFO - Starting Milvus and supporting services...
2025-04-07 01:57:06,719 - INFO - Milvus containers started
2025-04-07 01:57:06,720 - INFO - Waiting for Milvus to start...
2025-04-07 01:57:13,642 - INFO - Milvus is ready after 0 seconds
2025-04-07 01:57:13,647 - INFO - Collection 'personal_rag' exists, dropping it
2025-04-07 01:58:53,324 - ERROR - Error creating collection: <MilvusException: (code=65535, message=InvalidateCollectionMetaCache failed, proxyID = 2, err = stack trace: /go/src/github.com/milvus-io/milvus/pkg/tracer/stack_trace.go:51 github.com/milvus-io/milvus/pkg/tracer.StackTrace
/go/src/github.com/milvus-io/milvus/internal/util/grpcclient/client.go:515 github.com/milvus-io/milvus/internal/util/grpcclient.(*ClientBase[...]).Call
/go/src/github.com/milvus-io/milvus/internal/util/grpcclient/client.go:529 github.com/milvus-io/milvus/internal/util/grpcclient.(*ClientBase[...]).ReCall
/go/src/github.com/milvus-io/milvus/internal/distributed/proxy/client/client.go:76 github.com/milvus-io/milvus/internal/distributed/proxy/client.wrapGrpcCall[...]
/go/src/github.com/milvus-io/milvus/internal/distributed/proxy/client/client.go:109 github.com/milvus-io/milvus/internal/distributed/proxy/client.(*Client).InvalidateCollectionMetaCache
/go/src/github.com/milvus-io/milvus/internal/rootcoord/proxy_client_manager.go:157 github.com/milvus-io/milvus/internal/rootcoord.(*proxyClientManager).InvalidateCollectionMetaCache.func1
/go/pkg/mod/golang.org/x/sync@v0.1.0/errgroup/errgroup.go:75 golang.org/x/sync/errgroup.(*Group).Go.func1
/usr/local/go/src/runtime/asm_amd64.s:1598 runtime.goexit: attempt #0: rpc error: code = Unknown desc = expectedNodeID=2, actualNodeID=3: node not match: attempt #1: rpc error: code = Unknown desc = expectedNodeID=2, actualNodeID=3: node not match: attempt #2: rpc error: code = Unknown desc = expectedNodeID=2, actualNodeID=3: node not match: attempt #3: rpc error: code = Unknown desc = expectedNodeID=2, actualNodeID=3: node not match: attempt #4: rpc error: code = Unknown desc = expectedNodeID=2, actualNodeID=3: node not match: attempt #5: rpc error: code = Unknown desc = expectedNodeID=2, actualNodeID=3: node not match: attempt #6: rpc error: code = Unknown desc = expectedNodeID=2, actualNodeID=3: node not match: attempt #7: rpc error: code = Unknown desc = expectedNodeID=2, actualNodeID=3: node not match: attempt #8: rpc error: code = Unknown desc = expectedNodeID=2, actualNodeID=3: node not match: attempt #9: rpc error: code = Unknown desc = expectedNodeID=2, actualNodeID=3: node not match)>
2025-04-07 01:58:53,324 - ERROR - Failed to create collection.
2025-04-07 01:58:53,324 - ERROR - Milvus reset failed.
2025-04-07 02:00:56,803 - INFO - Starting Milvus reset...
2025-04-07 02:00:57,212 - INFO - Starting Milvus reset process...
2025-04-07 02:00:57,212 - INFO - Using docker-compose.yml found at: /Users/rickytan/Library/Mobile Documents/com~apple~CloudDocs/Lernen/Own project/Personal_RAG/docker-compose.yml
2025-04-07 02:00:57,213 - INFO - Stopping any existing Milvus containers...
2025-04-07 02:01:06,978 - INFO - Starting Milvus and supporting services...
2025-04-07 02:01:08,964 - INFO - Milvus containers started
2025-04-07 02:01:08,964 - INFO - Waiting for Milvus to start...
2025-04-07 02:01:13,310 - INFO - Milvus is ready after 0 seconds
